<?xml version="1.0" encoding="UTF-8"?>
<!-- Generated by org.testng.reporters.JUnitXMLReporter -->
<testsuite ignored="0" hostname="QA0079" failures="0" tests="3" name="FireFox" time="268.819" errors="0" timestamp="2024-12-28T18:48:11 IST">
  <testcase classname="lambdaTestPlayground.TestScenario1" name="scenario1" time="8.53"/>
  <testcase classname="lambdaTestPlayground.TestScenario2" name="scenario2" time="7.202"/>
  <testcase classname="lambdaTestPlayground.TestScenario3" name="scenario3" time="13.317"/>
</testsuite> <!-- FireFox -->
