<?xml version="1.0" encoding="UTF-8"?>
<!-- Generated by org.testng.reporters.JUnitXMLReporter -->
<testsuite ignored="0" hostname="QA0079" failures="0" tests="3" name="InternetExplorer" time="241.382" errors="0" timestamp="2024-12-28T18:47:44 IST">
  <testcase classname="lambdaTestPlayground.TestScenario1" name="scenario1" time="4.275"/>
  <testcase classname="lambdaTestPlayground.TestScenario2" name="scenario2" time="2.843"/>
  <testcase classname="lambdaTestPlayground.TestScenario3" name="scenario3" time="10.55"/>
</testsuite> <!-- InternetExplorer -->
